# JRE version: Java(TM) SE Runtime Environment (8.0_211-b12) (build 1.8.0_211-b12)
# Java VM: Java HotSpot(TM) 64-Bit Server VM (25.211-b12 mixed mode windows-amd64 compressed oops)
Heap:
 PSYoungGen      total 252416K, used 25498K [0x00000000d6200000, 0x00000000ed000000, 0x0000000100000000)
  eden space 238592K, 4% used [0x00000000d6200000,0x00000000d6d6b1c8,0x00000000e4b00000)
  from space 13824K, 99% used [0x00000000e4b00000,0x00000000e587b8b8,0x00000000e5880000)
  to   space 19968K, 0% used [0x00000000ebc80000,0x00000000ebc80000,0x00000000ed000000)
 ParOldGen       total 70144K, used 29357K [0x0000000082600000, 0x0000000086a80000, 0x00000000d6200000)
  object space 70144K, 41% used [0x0000000082600000,0x00000000842ab438,0x0000000086a80000)
 Metaspace       used 53846K, capacity 57146K, committed 57344K, reserved 1097728K
  class space    used 7787K, capacity 8353K, committed 8448K, reserved 1048576K
GC Heap History (10 events):
Event: 2.153 GC heap before
{Heap before GC invocations=7 (full 1):
 PSYoungGen      total 139776K, used 5234K [0x00000000d6200000, 0x00000000df300000, 0x0000000100000000)
  eden space 131072K, 0% used [0x00000000d6200000,0x00000000d6200000,0x00000000de200000)
  from space 8704K, 60% used [0x00000000dea80000,0x00000000def9cb10,0x00000000df300000)
  to   space 8704K, 0% used [0x00000000de200000,0x00000000de200000,0x00000000dea80000)
 ParOldGen       total 86016K, used 6642K [0x0000000082600000, 0x0000000087a00000, 0x00000000d6200000)
  object space 86016K, 7% used [0x0000000082600000,0x0000000082c7ca78,0x0000000087a00000)
 Metaspace       used 20468K, capacity 21184K, committed 21296K, reserved 1067008K
  class space    used 2743K, capacity 2922K, committed 2944K, reserved 1048576K
Event: 2.184 GC heap after
Heap after GC invocations=7 (full 1):
 PSYoungGen      total 139776K, used 0K [0x00000000d6200000, 0x00000000df300000, 0x0000000100000000)
  eden space 131072K, 0% used [0x00000000d6200000,0x00000000d6200000,0x00000000de200000)
  from space 8704K, 0% used [0x00000000dea80000,0x00000000dea80000,0x00000000df300000)
  to   space 8704K, 0% used [0x00000000de200000,0x00000000de200000,0x00000000dea80000)
 ParOldGen       total 46080K, used 5745K [0x0000000082600000, 0x0000000085300000, 0x00000000d6200000)
  object space 46080K, 12% used [0x0000000082600000,0x0000000082b9c7e8,0x0000000085300000)
 Metaspace       used 20467K, capacity 21178K, committed 21296K, reserved 1067008K
  class space    used 2742K, capacity 2921K, committed 2944K, reserved 1048576K
}
Event: 3.594 GC heap before
{Heap before GC invocations=8 (full 1):
 PSYoungGen      total 139776K, used 131072K [0x00000000d6200000, 0x00000000df300000, 0x0000000100000000)
  eden space 131072K, 100% used [0x00000000d6200000,0x00000000de200000,0x00000000de200000)
  from space 8704K, 0% used [0x00000000dea80000,0x00000000dea80000,0x00000000df300000)
  to   space 8704K, 0% used [0x00000000de200000,0x00000000de200000,0x00000000dea80000)
 ParOldGen       total 46080K, used 5745K [0x0000000082600000, 0x0000000085300000, 0x00000000d6200000)
  object space 46080K, 12% used [0x0000000082600000,0x0000000082b9c7e8,0x0000000085300000)
 Metaspace       used 26206K, capacity 27562K, committed 27776K, reserved 1073152K
  class space    used 3640K, capacity 3919K, committed 3968K, reserved 1048576K
Event: 3.608 GC heap after
Heap after GC invocations=8 (full 1):
 PSYoungGen      total 139776K, used 8682K [0x00000000d6200000, 0x00000000e6500000, 0x0000000100000000)
  eden space 131072K, 0% used [0x00000000d6200000,0x00000000d6200000,0x00000000de200000)
  from space 8704K, 99% used [0x00000000de200000,0x00000000dea7a948,0x00000000dea80000)
  to   space 11264K, 0% used [0x00000000e5a00000,0x00000000e5a00000,0x00000000e6500000)
 ParOldGen       total 46080K, used 8769K [0x0000000082600000, 0x0000000085300000, 0x00000000d6200000)
  object space 46080K, 19% used [0x0000000082600000,0x0000000082e90778,0x0000000085300000)
 Metaspace       used 26206K, capacity 27562K, committed 27776K, reserved 1073152K
  class space    used 3640K, capacity 3919K, committed 3968K, reserved 1048576K
}
Event: 4.883 GC heap before
{Heap before GC invocations=9 (full 1):
 PSYoungGen      total 139776K, used 126676K [0x00000000d6200000, 0x00000000e6500000, 0x0000000100000000)
  eden space 131072K, 90% used [0x00000000d6200000,0x00000000dd53a9a0,0x00000000de200000)
  from space 8704K, 99% used [0x00000000de200000,0x00000000dea7a948,0x00000000dea80000)
  to   space 11264K, 0% used [0x00000000e5a00000,0x00000000e5a00000,0x00000000e6500000)
 ParOldGen       total 46080K, used 8769K [0x0000000082600000, 0x0000000085300000, 0x00000000d6200000)
  object space 46080K, 19% used [0x0000000082600000,0x0000000082e90778,0x0000000085300000)
 Metaspace       used 33373K, capacity 35366K, committed 35496K, reserved 1079296K
  class space    used 4695K, capacity 5083K, committed 5120K, reserved 1048576K
Event: 4.905 GC heap after
Heap after GC invocations=9 (full 1):
 PSYoungGen      total 249856K, used 11246K [0x00000000d6200000, 0x00000000e6600000, 0x0000000100000000)
  eden space 238592K, 0% used [0x00000000d6200000,0x00000000d6200000,0x00000000e4b00000)
  from space 11264K, 99% used [0x00000000e5a00000,0x00000000e64fbaa0,0x00000000e6500000)
  to   space 13824K, 0% used [0x00000000e4b00000,0x00000000e4b00000,0x00000000e5880000)
 ParOldGen       total 46080K, used 11545K [0x0000000082600000, 0x0000000085300000, 0x00000000d6200000)
  object space 46080K, 25% used [0x0000000082600000,0x0000000083146640,0x0000000085300000)
 Metaspace       used 33373K, capacity 35366K, committed 35496K, reserved 1079296K
  class space    used 4695K, capacity 5083K, committed 5120K, reserved 1048576K
}
Event: 4.905 GC heap before
{Heap before GC invocations=10 (full 2):
 PSYoungGen      total 249856K, used 11246K [0x00000000d6200000, 0x00000000e6600000, 0x0000000100000000)
  eden space 238592K, 0% used [0x00000000d6200000,0x00000000d6200000,0x00000000e4b00000)
  from space 11264K, 99% used [0x00000000e5a00000,0x00000000e64fbaa0,0x00000000e6500000)
  to   space 13824K, 0% used [0x00000000e4b00000,0x00000000e4b00000,0x00000000e5880000)
 ParOldGen       total 46080K, used 11545K [0x0000000082600000, 0x0000000085300000, 0x00000000d6200000)
  object space 46080K, 25% used [0x0000000082600000,0x0000000083146640,0x0000000085300000)
 Metaspace       used 33373K, capacity 35366K, committed 35496K, reserved 1079296K
  class space    used 4695K, capacity 5083K, committed 5120K, reserved 1048576K
Event: 4.998 GC heap after
Heap after GC invocations=10 (full 2):
 PSYoungGen      total 249856K, used 0K [0x00000000d6200000, 0x00000000e6600000, 0x0000000100000000)
  eden space 238592K, 0% used [0x00000000d6200000,0x00000000d6200000,0x00000000e4b00000)
  from space 11264K, 0% used [0x00000000e5a00000,0x00000000e5a00000,0x00000000e6500000)
  to   space 13824K, 0% used [0x00000000e4b00000,0x00000000e4b00000,0x00000000e5880000)
 ParOldGen       total 70144K, used 18564K [0x0000000082600000, 0x0000000086a80000, 0x00000000d6200000)
  object space 70144K, 26% used [0x0000000082600000,0x0000000083821078,0x0000000086a80000)
 Metaspace       used 33373K, capacity 35366K, committed 35496K, reserved 1079296K
  class space    used 4695K, capacity 5083K, committed 5120K, reserved 1048576K
}
Event: 96.880 GC heap before
{Heap before GC invocations=11 (full 2):
 PSYoungGen      total 249856K, used 238592K [0x00000000d6200000, 0x00000000e6600000, 0x0000000100000000)
  eden space 238592K, 100% used [0x00000000d6200000,0x00000000e4b00000,0x00000000e4b00000)
  from space 11264K, 0% used [0x00000000e5a00000,0x00000000e5a00000,0x00000000e6500000)
  to   space 13824K, 0% used [0x00000000e4b00000,0x00000000e4b00000,0x00000000e5880000)
 ParOldGen       total 70144K, used 18564K [0x0000000082600000, 0x0000000086a80000, 0x00000000d6200000)
  object space 70144K, 26% used [0x0000000082600000,0x0000000083821078,0x0000000086a80000)
 Metaspace       used 53829K, capacity 57082K, committed 57344K, reserved 1097728K
  class space    used 7785K, capacity 8353K, committed 8448K, reserved 1048576K
Event: 96.917 GC heap after
Heap after GC invocations=11 (full 2):
 PSYoungGen      total 252416K, used 13806K [0x00000000d6200000, 0x00000000ed000000, 0x0000000100000000)
  eden space 238592K, 0% used [0x00000000d6200000,0x00000000d6200000,0x00000000e4b00000)
  from space 13824K, 99% used [0x00000000e4b00000,0x00000000e587b8b8,0x00000000e5880000)
  to   space 19968K, 0% used [0x00000000ebc80000,0x00000000ebc80000,0x00000000ed000000)
 ParOldGen       total 70144K, used 29357K [0x0000000082600000, 0x0000000086a80000, 0x00000000d6200000)
  object space 70144K, 41% used [0x0000000082600000,0x00000000842ab438,0x0000000086a80000)
 Metaspace       used 53829K, capacity 57082K, committed 57344K, reserved 1097728K
  class space    used 7785K, capacity 8353K, committed 8448K, reserved 1048576K
}

